  [1m[35m (5.3ms)[0m  [1m[34mSELECT sqlite_version(*)[0m
  [1m[35m (2.8ms)[0m  [1m[35mCREATE TABLE "schema_migrations" ("version" varchar NOT NULL PRIMARY KEY)[0m
  [1m[35m (2.8ms)[0m  [1m[35mCREATE TABLE "ar_internal_metadata" ("key" varchar NOT NULL PRIMARY KEY, "value" varchar, "created_at" datetime(6) NOT NULL, "updated_at" datetime(6) NOT NULL)[0m
  [1m[35m (0.2ms)[0m  [1m[34mSELECT "schema_migrations"."version" FROM "schema_migrations" ORDER BY "schema_migrations"."version" ASC[0m
Migrating to CreateInstructors (20220316183513)
  [1m[36mTRANSACTION (0.1ms)[0m  [1m[36mbegin transaction[0m
  [1m[35m (0.4ms)[0m  [1m[35mCREATE TABLE "instructors" ("id" integer PRIMARY KEY AUTOINCREMENT NOT NULL, "name" varchar, "created_at" datetime(6) NOT NULL, "updated_at" datetime(6) NOT NULL)[0m
  [1m[36mActiveRecord::SchemaMigration Create (0.2ms)[0m  [1m[32mINSERT INTO "schema_migrations" ("version") VALUES (?)[0m  [["version", "20220316183513"]]
  [1m[36mTRANSACTION (1.0ms)[0m  [1m[36mcommit transaction[0m
Migrating to CreateStudents (20220316183621)
  [1m[36mTRANSACTION (0.2ms)[0m  [1m[36mbegin transaction[0m
  [1m[35m (0.7ms)[0m  [1m[35mCREATE TABLE "students" ("id" integer PRIMARY KEY AUTOINCREMENT NOT NULL, "name" varchar, "major" varchar, "age" integer, "intructor_id" integer, "created_at" datetime(6) NOT NULL, "updated_at" datetime(6) NOT NULL)[0m
  [1m[36mActiveRecord::SchemaMigration Create (0.1ms)[0m  [1m[32mINSERT INTO "schema_migrations" ("version") VALUES (?)[0m  [["version", "20220316183621"]]
  [1m[36mTRANSACTION (1.0ms)[0m  [1m[36mcommit transaction[0m
  [1m[36mActiveRecord::InternalMetadata Load (0.2ms)[0m  [1m[34mSELECT "ar_internal_metadata".* FROM "ar_internal_metadata" WHERE "ar_internal_metadata"."key" = ? LIMIT ?[0m  [["key", "environment"], ["LIMIT", 1]]
  [1m[36mTRANSACTION (0.0ms)[0m  [1m[36mbegin transaction[0m
  [1m[36mActiveRecord::InternalMetadata Create (0.4ms)[0m  [1m[32mINSERT INTO "ar_internal_metadata" ("key", "value", "created_at", "updated_at") VALUES (?, ?, ?, ?)[0m  [["key", "environment"], ["value", "development"], ["created_at", "2022-03-16 18:36:38.731378"], ["updated_at", "2022-03-16 18:36:38.731378"]]
  [1m[36mTRANSACTION (0.9ms)[0m  [1m[36mcommit transaction[0m
  [1m[35m (0.1ms)[0m  [1m[34mSELECT sqlite_version(*)[0m
  [1m[35m (0.2ms)[0m  [1m[34mSELECT "schema_migrations"."version" FROM "schema_migrations" ORDER BY "schema_migrations"."version" ASC[0m
  [1m[35m (0.6ms)[0m  [1m[34mSELECT sqlite_version(*)[0m
  [1m[35m (0.2ms)[0m  [1m[34mSELECT "schema_migrations"."version" FROM "schema_migrations" ORDER BY "schema_migrations"."version" ASC[0m
  [1m[35m (0.2ms)[0m  [1m[34mSELECT sqlite_version(*)[0m
  [1m[36mInstructor Load (0.2ms)[0m  [1m[34mSELECT "instructors".* FROM "instructors"[0m
  [1m[36mStudent Load (0.1ms)[0m  [1m[34mSELECT "students".* FROM "students"[0m
  [1m[36mTRANSACTION (0.0ms)[0m  [1m[36mbegin transaction[0m
  [1m[36mInstructor Create (0.5ms)[0m  [1m[32mINSERT INTO "instructors" ("name", "created_at", "updated_at") VALUES (?, ?, ?)[0m  [["name", "Vidhi"], ["created_at", "2022-03-16 18:37:27.847279"], ["updated_at", "2022-03-16 18:37:27.847279"]]
  [1m[36mTRANSACTION (0.9ms)[0m  [1m[36mcommit transaction[0m
  [1m[36mTRANSACTION (0.0ms)[0m  [1m[36mbegin transaction[0m
  [1m[36mInstructor Create (0.4ms)[0m  [1m[32mINSERT INTO "instructors" ("name", "created_at", "updated_at") VALUES (?, ?, ?)[0m  [["name", "Raul"], ["created_at", "2022-03-16 18:37:27.852432"], ["updated_at", "2022-03-16 18:37:27.852432"]]
  [1m[36mTRANSACTION (0.8ms)[0m  [1m[36mcommit transaction[0m
  [1m[36mTRANSACTION (0.0ms)[0m  [1m[36mbegin transaction[0m
  [1m[36mInstructor Create (0.5ms)[0m  [1m[32mINSERT INTO "instructors" ("name", "created_at", "updated_at") VALUES (?, ?, ?)[0m  [["name", "David"], ["created_at", "2022-03-16 18:37:27.856373"], ["updated_at", "2022-03-16 18:37:27.856373"]]
  [1m[36mTRANSACTION (1.0ms)[0m  [1m[36mcommit transaction[0m
  [1m[35m (1.3ms)[0m  [1m[34mSELECT sqlite_version(*)[0m
  [1m[35m (0.4ms)[0m  [1m[34mSELECT "schema_migrations"."version" FROM "schema_migrations" ORDER BY "schema_migrations"."version" ASC[0m
  [1m[35m (0.1ms)[0m  [1m[34mSELECT "schema_migrations"."version" FROM "schema_migrations" ORDER BY "schema_migrations"."version" ASC[0m
  [1m[35m (0.1ms)[0m  [1m[34mSELECT "schema_migrations"."version" FROM "schema_migrations" ORDER BY "schema_migrations"."version" ASC[0m
  [1m[35m (0.1ms)[0m  [1m[34mSELECT "schema_migrations"."version" FROM "schema_migrations" ORDER BY "schema_migrations"."version" ASC[0m
Migrating to CreateStudents (20220316183621)
  [1m[36mTRANSACTION (0.1ms)[0m  [1m[36mbegin transaction[0m
  [1m[35m (1.1ms)[0m  [1m[35mDROP TABLE "students"[0m
  [1m[36mActiveRecord::SchemaMigration Destroy (0.5ms)[0m  [1m[31mDELETE FROM "schema_migrations" WHERE "schema_migrations"."version" = ?[0m  [["version", "20220316183621"]]
  [1m[36mTRANSACTION (1.0ms)[0m  [1m[36mcommit transaction[0m
  [1m[35m (0.1ms)[0m  [1m[34mSELECT sqlite_version(*)[0m
  [1m[35m (0.1ms)[0m  [1m[34mSELECT "schema_migrations"."version" FROM "schema_migrations" ORDER BY "schema_migrations"."version" ASC[0m
  [1m[35m (0.8ms)[0m  [1m[34mSELECT sqlite_version(*)[0m
  [1m[35m (0.3ms)[0m  [1m[34mSELECT "schema_migrations"."version" FROM "schema_migrations" ORDER BY "schema_migrations"."version" ASC[0m
Migrating to CreateStudents (20220316183621)
  [1m[36mTRANSACTION (0.1ms)[0m  [1m[36mbegin transaction[0m
  [1m[35m (0.6ms)[0m  [1m[35mCREATE TABLE "students" ("id" integer PRIMARY KEY AUTOINCREMENT NOT NULL, "name" varchar, "major" varchar, "age" integer, "instructor_id" integer, "created_at" datetime(6) NOT NULL, "updated_at" datetime(6) NOT NULL)[0m
  [1m[36mActiveRecord::SchemaMigration Create (0.3ms)[0m  [1m[32mINSERT INTO "schema_migrations" ("version") VALUES (?)[0m  [["version", "20220316183621"]]
  [1m[36mTRANSACTION (2.0ms)[0m  [1m[36mcommit transaction[0m
  [1m[36mActiveRecord::InternalMetadata Load (0.2ms)[0m  [1m[34mSELECT "ar_internal_metadata".* FROM "ar_internal_metadata" WHERE "ar_internal_metadata"."key" = ? LIMIT ?[0m  [["key", "environment"], ["LIMIT", 1]]
  [1m[35m (0.1ms)[0m  [1m[34mSELECT sqlite_version(*)[0m
  [1m[35m (0.2ms)[0m  [1m[34mSELECT "schema_migrations"."version" FROM "schema_migrations" ORDER BY "schema_migrations"."version" ASC[0m
  [1m[35m (0.5ms)[0m  [1m[34mSELECT sqlite_version(*)[0m
  [1m[35m (0.2ms)[0m  [1m[34mSELECT "schema_migrations"."version" FROM "schema_migrations" ORDER BY "schema_migrations"."version" ASC[0m
  [1m[35m (0.1ms)[0m  [1m[34mSELECT sqlite_version(*)[0m
  [1m[36mInstructor Load (0.1ms)[0m  [1m[34mSELECT "instructors".* FROM "instructors"[0m
  [1m[36mTRANSACTION (0.1ms)[0m  [1m[36mbegin transaction[0m
  [1m[36mInstructor Destroy (0.9ms)[0m  [1m[31mDELETE FROM "instructors" WHERE "instructors"."id" = ?[0m  [["id", 1]]
  [1m[36mTRANSACTION (2.1ms)[0m  [1m[36mcommit transaction[0m
  [1m[36mTRANSACTION (0.0ms)[0m  [1m[36mbegin transaction[0m
  [1m[36mInstructor Destroy (0.3ms)[0m  [1m[31mDELETE FROM "instructors" WHERE "instructors"."id" = ?[0m  [["id", 2]]
  [1m[36mTRANSACTION (0.8ms)[0m  [1m[36mcommit transaction[0m
  [1m[36mTRANSACTION (0.0ms)[0m  [1m[36mbegin transaction[0m
  [1m[36mInstructor Destroy (0.3ms)[0m  [1m[31mDELETE FROM "instructors" WHERE "instructors"."id" = ?[0m  [["id", 3]]
  [1m[36mTRANSACTION (1.0ms)[0m  [1m[36mcommit transaction[0m
  [1m[36mStudent Load (0.1ms)[0m  [1m[34mSELECT "students".* FROM "students"[0m
  [1m[36mTRANSACTION (0.0ms)[0m  [1m[36mbegin transaction[0m
  [1m[36mInstructor Create (0.3ms)[0m  [1m[32mINSERT INTO "instructors" ("name", "created_at", "updated_at") VALUES (?, ?, ?)[0m  [["name", "Vidhi"], ["created_at", "2022-03-16 18:38:54.791421"], ["updated_at", "2022-03-16 18:38:54.791421"]]
  [1m[36mTRANSACTION (1.0ms)[0m  [1m[36mcommit transaction[0m
  [1m[36mTRANSACTION (0.0ms)[0m  [1m[36mbegin transaction[0m
  [1m[36mInstructor Create (0.3ms)[0m  [1m[32mINSERT INTO "instructors" ("name", "created_at", "updated_at") VALUES (?, ?, ?)[0m  [["name", "Raul"], ["created_at", "2022-03-16 18:38:54.796201"], ["updated_at", "2022-03-16 18:38:54.796201"]]
  [1m[36mTRANSACTION (0.8ms)[0m  [1m[36mcommit transaction[0m
  [1m[36mTRANSACTION (0.1ms)[0m  [1m[36mbegin transaction[0m
  [1m[36mInstructor Create (0.5ms)[0m  [1m[32mINSERT INTO "instructors" ("name", "created_at", "updated_at") VALUES (?, ?, ?)[0m  [["name", "David"], ["created_at", "2022-03-16 18:38:54.800620"], ["updated_at", "2022-03-16 18:38:54.800620"]]
  [1m[36mTRANSACTION (2.8ms)[0m  [1m[36mcommit transaction[0m
  [1m[36mTRANSACTION (0.1ms)[0m  [1m[36mbegin transaction[0m
  [1m[36mStudent Create (0.4ms)[0m  [1m[32mINSERT INTO "students" ("name", "major", "age", "instructor_id", "created_at", "updated_at") VALUES (?, ?, ?, ?, ?, ?)[0m  [["name", "Caleb"], ["major", "Computer Science"], ["age", 25], ["instructor_id", 6], ["created_at", "2022-03-16 18:38:54.823209"], ["updated_at", "2022-03-16 18:38:54.823209"]]
  [1m[36mTRANSACTION (0.9ms)[0m  [1m[36mcommit transaction[0m
  [1m[36mTRANSACTION (0.1ms)[0m  [1m[36mbegin transaction[0m
  [1m[36mStudent Create (0.5ms)[0m  [1m[32mINSERT INTO "students" ("name", "major", "age", "instructor_id", "created_at", "updated_at") VALUES (?, ?, ?, ?, ?, ?)[0m  [["name", "Gian"], ["major", "Mathmatics"], ["age", 22], ["instructor_id", 5], ["created_at", "2022-03-16 18:38:54.828826"], ["updated_at", "2022-03-16 18:38:54.828826"]]
  [1m[36mTRANSACTION (1.0ms)[0m  [1m[36mcommit transaction[0m
  [1m[36mTRANSACTION (0.0ms)[0m  [1m[36mbegin transaction[0m
  [1m[36mStudent Create (0.5ms)[0m  [1m[32mINSERT INTO "students" ("name", "major", "age", "instructor_id", "created_at", "updated_at") VALUES (?, ?, ?, ?, ?, ?)[0m  [["name", "Anam"], ["major", "Engineering"], ["age", 25], ["instructor_id", 4], ["created_at", "2022-03-16 18:38:54.833937"], ["updated_at", "2022-03-16 18:38:54.833937"]]
  [1m[36mTRANSACTION (3.7ms)[0m  [1m[36mcommit transaction[0m
  [1m[36mTRANSACTION (0.1ms)[0m  [1m[36mbegin transaction[0m
  [1m[36mStudent Create (0.6ms)[0m  [1m[32mINSERT INTO "students" ("name", "major", "age", "instructor_id", "created_at", "updated_at") VALUES (?, ?, ?, ?, ?, ?)[0m  [["name", "Vien"], ["major", "Biology"], ["age", 23], ["instructor_id", 5], ["created_at", "2022-03-16 18:38:54.842656"], ["updated_at", "2022-03-16 18:38:54.842656"]]
  [1m[36mTRANSACTION (1.6ms)[0m  [1m[36mcommit transaction[0m
  [1m[35m (0.9ms)[0m  [1m[34mSELECT sqlite_version(*)[0m
  [1m[36mInstructor Load (0.3ms)[0m  [1m[34mSELECT "instructors".* FROM "instructors" /* loading for inspect */ LIMIT ?[0m  [["LIMIT", 11]]
  [1m[36mStudent Load (0.2ms)[0m  [1m[34mSELECT "students".* FROM "students" /* loading for inspect */ LIMIT ?[0m  [["LIMIT", 11]]
  [1m[36mTRANSACTION (0.2ms)[0m  [1m[36mbegin transaction[0m
  [1m[36mInstructor Create (1.0ms)[0m  [1m[32mINSERT INTO "instructors" ("created_at", "updated_at") VALUES (?, ?)[0m  [["created_at", "2022-03-16 18:40:01.619644"], ["updated_at", "2022-03-16 18:40:01.619644"]]
  [1m[36mTRANSACTION (1.6ms)[0m  [1m[36mcommit transaction[0m
  [1m[36mTRANSACTION (0.1ms)[0m  [1m[36mbegin transaction[0m
  [1m[36mStudent Create (0.8ms)[0m  [1m[32mINSERT INTO "students" ("created_at", "updated_at") VALUES (?, ?)[0m  [["created_at", "2022-03-16 18:41:12.662245"], ["updated_at", "2022-03-16 18:41:12.662245"]]
  [1m[36mTRANSACTION (7.1ms)[0m  [1m[36mcommit transaction[0m
  [1m[35m (1.5ms)[0m  [1m[34mSELECT sqlite_version(*)[0m
  [1m[36mTRANSACTION (0.1ms)[0m  [1m[36mbegin transaction[0m
  [1m[36mInstructor Create (0.9ms)[0m  [1m[32mINSERT INTO "instructors" ("created_at", "updated_at") VALUES (?, ?)[0m  [["created_at", "2022-03-16 18:42:08.665220"], ["updated_at", "2022-03-16 18:42:08.665220"]]
  [1m[36mTRANSACTION (2.0ms)[0m  [1m[36mcommit transaction[0m
  [1m[36mInstructor Load (0.2ms)[0m  [1m[34mSELECT "instructors".* FROM "instructors" ORDER BY "instructors"."id" ASC LIMIT ?[0m  [["LIMIT", 1]]
  [1m[36mInstructor Load (0.2ms)[0m  [1m[34mSELECT "instructors".* FROM "instructors" ORDER BY "instructors"."id" ASC LIMIT ?[0m  [["LIMIT", 1]]
  [1m[36mInstructor Load (0.1ms)[0m  [1m[34mSELECT "instructors".* FROM "instructors" ORDER BY "instructors"."id" ASC LIMIT ?[0m  [["LIMIT", 1]]
  [1m[36mInstructor Load (0.2ms)[0m  [1m[34mSELECT "instructors".* FROM "instructors" ORDER BY "instructors"."id" ASC LIMIT ?[0m  [["LIMIT", 1]]
  [1m[35m (0.8ms)[0m  [1m[34mSELECT sqlite_version(*)[0m
  [1m[36mInstructor Load (0.4ms)[0m  [1m[34mSELECT "instructors".* FROM "instructors" ORDER BY "instructors"."id" ASC LIMIT ?[0m  [["LIMIT", 1]]
  [1m[35m (1.3ms)[0m  [1m[34mSELECT sqlite_version(*)[0m
  [1m[36mInstructor Load (0.4ms)[0m  [1m[34mSELECT "instructors".* FROM "instructors" ORDER BY "instructors"."id" ASC LIMIT ?[0m  [["LIMIT", 1]]
  [1m[36mTRANSACTION (0.1ms)[0m  [1m[36mbegin transaction[0m
  [1m[36mInstructor Load (0.3ms)[0m  [1m[34mSELECT "instructors".* FROM "instructors" WHERE "instructors"."id" = ? LIMIT ?[0m  [["id", 4], ["LIMIT", 1]]
  [1m[36mStudent Create (1.4ms)[0m  [1m[32mINSERT INTO "students" ("instructor_id", "created_at", "updated_at") VALUES (?, ?, ?)[0m  [["instructor_id", 4], ["created_at", "2022-03-16 18:46:57.058576"], ["updated_at", "2022-03-16 18:46:57.058576"]]
  [1m[36mTRANSACTION (1.7ms)[0m  [1m[36mcommit transaction[0m
  [1m[35m (1.0ms)[0m  [1m[34mSELECT sqlite_version(*)[0m
  [1m[35m (0.3ms)[0m  [1m[34mSELECT "schema_migrations"."version" FROM "schema_migrations" ORDER BY "schema_migrations"."version" ASC[0m
  [1m[35m (0.1ms)[0m  [1m[34mSELECT sqlite_version(*)[0m
  [1m[36mInstructor Load (0.2ms)[0m  [1m[34mSELECT "instructors".* FROM "instructors"[0m
  [1m[36mTRANSACTION (0.1ms)[0m  [1m[36mbegin transaction[0m
  [1m[36mInstructor Destroy (0.5ms)[0m  [1m[31mDELETE FROM "instructors" WHERE "instructors"."id" = ?[0m  [["id", 4]]
  [1m[36mTRANSACTION (1.0ms)[0m  [1m[36mcommit transaction[0m
  [1m[36mTRANSACTION (0.1ms)[0m  [1m[36mbegin transaction[0m
  [1m[36mInstructor Destroy (0.5ms)[0m  [1m[31mDELETE FROM "instructors" WHERE "instructors"."id" = ?[0m  [["id", 5]]
  [1m[36mTRANSACTION (2.6ms)[0m  [1m[36mcommit transaction[0m
  [1m[36mTRANSACTION (0.1ms)[0m  [1m[36mbegin transaction[0m
  [1m[36mInstructor Destroy (0.4ms)[0m  [1m[31mDELETE FROM "instructors" WHERE "instructors"."id" = ?[0m  [["id", 6]]
  [1m[36mTRANSACTION (1.1ms)[0m  [1m[36mcommit transaction[0m
  [1m[36mTRANSACTION (0.1ms)[0m  [1m[36mbegin transaction[0m
  [1m[36mInstructor Destroy (0.6ms)[0m  [1m[31mDELETE FROM "instructors" WHERE "instructors"."id" = ?[0m  [["id", 7]]
  [1m[36mTRANSACTION (2.8ms)[0m  [1m[36mcommit transaction[0m
  [1m[36mTRANSACTION (0.1ms)[0m  [1m[36mbegin transaction[0m
  [1m[36mInstructor Destroy (0.4ms)[0m  [1m[31mDELETE FROM "instructors" WHERE "instructors"."id" = ?[0m  [["id", 8]]
  [1m[36mTRANSACTION (1.2ms)[0m  [1m[36mcommit transaction[0m
  [1m[36mStudent Load (0.2ms)[0m  [1m[34mSELECT "students".* FROM "students"[0m
  [1m[36mTRANSACTION (0.1ms)[0m  [1m[36mbegin transaction[0m
  [1m[36mStudent Destroy (0.6ms)[0m  [1m[31mDELETE FROM "students" WHERE "students"."id" = ?[0m  [["id", 1]]
  [1m[36mTRANSACTION (1.5ms)[0m  [1m[36mcommit transaction[0m
  [1m[36mTRANSACTION (0.1ms)[0m  [1m[36mbegin transaction[0m
  [1m[36mStudent Destroy (0.8ms)[0m  [1m[31mDELETE FROM "students" WHERE "students"."id" = ?[0m  [["id", 2]]
  [1m[36mTRANSACTION (1.2ms)[0m  [1m[36mcommit transaction[0m
  [1m[36mTRANSACTION (0.1ms)[0m  [1m[36mbegin transaction[0m
  [1m[36mStudent Destroy (0.4ms)[0m  [1m[31mDELETE FROM "students" WHERE "students"."id" = ?[0m  [["id", 3]]
  [1m[36mTRANSACTION (4.7ms)[0m  [1m[36mcommit transaction[0m
  [1m[36mTRANSACTION (0.1ms)[0m  [1m[36mbegin transaction[0m
  [1m[36mStudent Destroy (0.5ms)[0m  [1m[31mDELETE FROM "students" WHERE "students"."id" = ?[0m  [["id", 4]]
  [1m[36mTRANSACTION (1.1ms)[0m  [1m[36mcommit transaction[0m
  [1m[36mTRANSACTION (0.1ms)[0m  [1m[36mbegin transaction[0m
  [1m[36mStudent Destroy (0.4ms)[0m  [1m[31mDELETE FROM "students" WHERE "students"."id" = ?[0m  [["id", 5]]
  [1m[36mTRANSACTION (1.2ms)[0m  [1m[36mcommit transaction[0m
  [1m[36mTRANSACTION (0.0ms)[0m  [1m[36mbegin transaction[0m
  [1m[36mStudent Destroy (0.5ms)[0m  [1m[31mDELETE FROM "students" WHERE "students"."id" = ?[0m  [["id", 6]]
  [1m[36mTRANSACTION (2.6ms)[0m  [1m[36mcommit transaction[0m
  [1m[36mTRANSACTION (0.1ms)[0m  [1m[36mbegin transaction[0m
  [1m[36mInstructor Create (0.7ms)[0m  [1m[32mINSERT INTO "instructors" ("name", "created_at", "updated_at") VALUES (?, ?, ?)[0m  [["name", "Vidhi"], ["created_at", "2022-03-16 18:48:06.996879"], ["updated_at", "2022-03-16 18:48:06.996879"]]
  [1m[36mTRANSACTION (0.9ms)[0m  [1m[36mcommit transaction[0m
  [1m[36mTRANSACTION (0.1ms)[0m  [1m[36mbegin transaction[0m
  [1m[36mInstructor Create (0.9ms)[0m  [1m[32mINSERT INTO "instructors" ("name", "created_at", "updated_at") VALUES (?, ?, ?)[0m  [["name", "Raul"], ["created_at", "2022-03-16 18:48:07.003643"], ["updated_at", "2022-03-16 18:48:07.003643"]]
  [1m[36mTRANSACTION (1.3ms)[0m  [1m[36mcommit transaction[0m
  [1m[36mTRANSACTION (0.0ms)[0m  [1m[36mbegin transaction[0m
  [1m[36mInstructor Create (0.4ms)[0m  [1m[32mINSERT INTO "instructors" ("name", "created_at", "updated_at") VALUES (?, ?, ?)[0m  [["name", "David"], ["created_at", "2022-03-16 18:48:07.009749"], ["updated_at", "2022-03-16 18:48:07.009749"]]
  [1m[36mTRANSACTION (1.0ms)[0m  [1m[36mcommit transaction[0m
  [1m[36mTRANSACTION (0.1ms)[0m  [1m[36mbegin transaction[0m
  [1m[36mInstructor Load (0.2ms)[0m  [1m[34mSELECT "instructors".* FROM "instructors" WHERE "instructors"."id" = ? LIMIT ?[0m  [["id", 11], ["LIMIT", 1]]
  [1m[36mStudent Create (0.4ms)[0m  [1m[32mINSERT INTO "students" ("name", "major", "age", "instructor_id", "created_at", "updated_at") VALUES (?, ?, ?, ?, ?, ?)[0m  [["name", "Caleb"], ["major", "Computer Science"], ["age", 25], ["instructor_id", 11], ["created_at", "2022-03-16 18:48:07.023316"], ["updated_at", "2022-03-16 18:48:07.023316"]]
  [1m[36mTRANSACTION (1.1ms)[0m  [1m[36mcommit transaction[0m
  [1m[36mTRANSACTION (0.1ms)[0m  [1m[36mbegin transaction[0m
  [1m[36mInstructor Load (0.1ms)[0m  [1m[34mSELECT "instructors".* FROM "instructors" WHERE "instructors"."id" = ? LIMIT ?[0m  [["id", 10], ["LIMIT", 1]]
  [1m[36mStudent Create (0.4ms)[0m  [1m[32mINSERT INTO "students" ("name", "major", "age", "instructor_id", "created_at", "updated_at") VALUES (?, ?, ?, ?, ?, ?)[0m  [["name", "Gian"], ["major", "Mathmatics"], ["age", 22], ["instructor_id", 10], ["created_at", "2022-03-16 18:48:07.029876"], ["updated_at", "2022-03-16 18:48:07.029876"]]
  [1m[36mTRANSACTION (1.0ms)[0m  [1m[36mcommit transaction[0m
  [1m[36mTRANSACTION (0.1ms)[0m  [1m[36mbegin transaction[0m
  [1m[36mInstructor Load (0.3ms)[0m  [1m[34mSELECT "instructors".* FROM "instructors" WHERE "instructors"."id" = ? LIMIT ?[0m  [["id", 9], ["LIMIT", 1]]
  [1m[36mStudent Create (0.6ms)[0m  [1m[32mINSERT INTO "students" ("name", "major", "age", "instructor_id", "created_at", "updated_at") VALUES (?, ?, ?, ?, ?, ?)[0m  [["name", "Anam"], ["major", "Engineering"], ["age", 25], ["instructor_id", 9], ["created_at", "2022-03-16 18:48:07.037044"], ["updated_at", "2022-03-16 18:48:07.037044"]]
  [1m[36mTRANSACTION (1.1ms)[0m  [1m[36mcommit transaction[0m
  [1m[36mTRANSACTION (0.0ms)[0m  [1m[36mbegin transaction[0m
  [1m[36mInstructor Load (0.1ms)[0m  [1m[34mSELECT "instructors".* FROM "instructors" WHERE "instructors"."id" = ? LIMIT ?[0m  [["id", 10], ["LIMIT", 1]]
  [1m[36mStudent Create (0.4ms)[0m  [1m[32mINSERT INTO "students" ("name", "major", "age", "instructor_id", "created_at", "updated_at") VALUES (?, ?, ?, ?, ?, ?)[0m  [["name", "Vien"], ["major", "Biology"], ["age", 23], ["instructor_id", 10], ["created_at", "2022-03-16 18:48:07.044403"], ["updated_at", "2022-03-16 18:48:07.044403"]]
  [1m[36mTRANSACTION (2.8ms)[0m  [1m[36mcommit transaction[0m
Started GET "/" for ::1 at 2022-03-16 14:50:56 -0400
  [1m[35m (6.3ms)[0m  [1m[34mSELECT sqlite_version(*)[0m
  [1m[35m (0.6ms)[0m  [1m[34mSELECT "schema_migrations"."version" FROM "schema_migrations" ORDER BY "schema_migrations"."version" ASC[0m
Processing by Rails::WelcomeController#index as HTML
  Rendering /Users/grego/.rvm/gems/ruby-2.7.4/gems/railties-6.1.3.2/lib/rails/templates/rails/welcome/index.html.erb
  Rendered /Users/grego/.rvm/gems/ruby-2.7.4/gems/railties-6.1.3.2/lib/rails/templates/rails/welcome/index.html.erb (Duration: 8.6ms | Allocations: 402)
Completed 200 OK in 70ms (Views: 22.4ms | ActiveRecord: 0.0ms | Allocations: 3430)


Started GET "/users" for ::1 at 2022-03-16 14:51:08 -0400
  
ActionController::RoutingError (No route matches [GET] "/users"):
  
Started GET "/users" for ::1 at 2022-03-16 14:51:51 -0400
  
ActionController::RoutingError (No route matches [GET] "/users"):
  
Started GET "/users" for ::1 at 2022-03-16 14:51:54 -0400
  
ActionController::RoutingError (No route matches [GET] "/users"):
  
Started GET "/instructors" for ::1 at 2022-03-16 14:52:08 -0400
  
AbstractController::ActionNotFound (The action 'index' could not be found for InstructorsController):
  
actionpack (6.1.3.2) lib/abstract_controller/base.rb:160:in `process'
actionpack (6.1.3.2) lib/action_controller/metal.rb:190:in `dispatch'
actionpack (6.1.3.2) lib/action_controller/metal.rb:254:in `dispatch'
actionpack (6.1.3.2) lib/action_dispatch/routing/route_set.rb:50:in `dispatch'
actionpack (6.1.3.2) lib/action_dispatch/routing/route_set.rb:33:in `serve'
actionpack (6.1.3.2) lib/action_dispatch/journey/router.rb:50:in `block in serve'
actionpack (6.1.3.2) lib/action_dispatch/journey/router.rb:32:in `each'
actionpack (6.1.3.2) lib/action_dispatch/journey/router.rb:32:in `serve'
actionpack (6.1.3.2) lib/action_dispatch/routing/route_set.rb:842:in `call'
rack (2.2.3) lib/rack/etag.rb:27:in `call'
rack (2.2.3) lib/rack/conditional_get.rb:27:in `call'
rack (2.2.3) lib/rack/head.rb:12:in `call'
activerecord (6.1.3.2) lib/active_record/migration.rb:601:in `call'
actionpack (6.1.3.2) lib/action_dispatch/middleware/callbacks.rb:27:in `block in call'
activesupport (6.1.3.2) lib/active_support/callbacks.rb:98:in `run_callbacks'
actionpack (6.1.3.2) lib/action_dispatch/middleware/callbacks.rb:26:in `call'
actionpack (6.1.3.2) lib/action_dispatch/middleware/executor.rb:14:in `call'
actionpack (6.1.3.2) lib/action_dispatch/middleware/actionable_exceptions.rb:18:in `call'
actionpack (6.1.3.2) lib/action_dispatch/middleware/debug_exceptions.rb:29:in `call'
actionpack (6.1.3.2) lib/action_dispatch/middleware/show_exceptions.rb:33:in `call'
railties (6.1.3.2) lib/rails/rack/logger.rb:37:in `call_app'
railties (6.1.3.2) lib/rails/rack/logger.rb:26:in `block in call'
activesupport (6.1.3.2) lib/active_support/tagged_logging.rb:99:in `block in tagged'
activesupport (6.1.3.2) lib/active_support/tagged_logging.rb:37:in `tagged'
activesupport (6.1.3.2) lib/active_support/tagged_logging.rb:99:in `tagged'
railties (6.1.3.2) lib/rails/rack/logger.rb:26:in `call'
actionpack (6.1.3.2) lib/action_dispatch/middleware/remote_ip.rb:81:in `call'
actionpack (6.1.3.2) lib/action_dispatch/middleware/request_id.rb:26:in `call'
rack (2.2.3) lib/rack/runtime.rb:22:in `call'
activesupport (6.1.3.2) lib/active_support/cache/strategy/local_cache_middleware.rb:29:in `call'
actionpack (6.1.3.2) lib/action_dispatch/middleware/executor.rb:14:in `call'
actionpack (6.1.3.2) lib/action_dispatch/middleware/static.rb:24:in `call'
rack (2.2.3) lib/rack/sendfile.rb:110:in `call'
actionpack (6.1.3.2) lib/action_dispatch/middleware/host_authorization.rb:98:in `call'
railties (6.1.3.2) lib/rails/engine.rb:539:in `call'
puma (5.3.2) lib/puma/configuration.rb:249:in `call'
puma (5.3.2) lib/puma/request.rb:77:in `block in handle_request'
puma (5.3.2) lib/puma/thread_pool.rb:338:in `with_force_shutdown'
puma (5.3.2) lib/puma/request.rb:76:in `handle_request'
puma (5.3.2) lib/puma/server.rb:438:in `process_client'
puma (5.3.2) lib/puma/thread_pool.rb:145:in `block in spawn_thread'
Started GET "/instructors" for ::1 at 2022-03-16 14:52:50 -0400
Processing by InstructorsController#index as HTML
Completed 204 No Content in 0ms (Allocations: 56)


Started GET "/instructors" for ::1 at 2022-03-16 14:53:05 -0400
Processing by InstructorsController#index as HTML
Completed 204 No Content in 0ms (Allocations: 26)


Started GET "/instructors" for ::1 at 2022-03-16 14:53:15 -0400
Processing by InstructorsController#index as HTML
Completed 204 No Content in 0ms (Allocations: 28)


Started GET "/instructors" for ::1 at 2022-03-16 14:53:26 -0400
Processing by InstructorsController#index as HTML
Completed 204 No Content in 0ms (Allocations: 30)


Started GET "/" for ::1 at 2022-03-16 14:53:44 -0400
Processing by Rails::WelcomeController#index as HTML
  Rendering /Users/grego/.rvm/gems/ruby-2.7.4/gems/railties-6.1.3.2/lib/rails/templates/rails/welcome/index.html.erb
  Rendered /Users/grego/.rvm/gems/ruby-2.7.4/gems/railties-6.1.3.2/lib/rails/templates/rails/welcome/index.html.erb (Duration: 11.7ms | Allocations: 181)
Completed 200 OK in 14ms (Views: 13.3ms | Allocations: 788)


Started GET "/instructors" for ::1 at 2022-03-16 14:53:50 -0400
Processing by InstructorsController#index as HTML
Completed 204 No Content in 0ms (Allocations: 26)


Started GET "/instructors/10" for ::1 at 2022-03-16 14:56:22 -0400
  
ActionController::RoutingError (No route matches [GET] "/instructors/10"):
  
Started GET "/instructors/10" for ::1 at 2022-03-16 14:59:52 -0400
Processing by InstructorsController#show as HTML
  Parameters: {"id"=>"10"}
  [1m[35m (0.1ms)[0m  [1m[34mSELECT sqlite_version(*)[0m
  ↳ app/controllers/instructors_controller.rb:10:in `show'
  [1m[36mInstructor Load (4.9ms)[0m  [1m[34mSELECT "instructors".* FROM "instructors" WHERE "instructors"."id" = ? LIMIT ?[0m  [["id", 10], ["LIMIT", 1]]
  ↳ app/controllers/instructors_controller.rb:10:in `show'
Completed 200 OK in 40ms (Views: 3.4ms | ActiveRecord: 6.9ms | Allocations: 5196)


Started GET "/instructors/100" for ::1 at 2022-03-16 15:00:00 -0400
Processing by InstructorsController#show as HTML
  Parameters: {"id"=>"100"}
  [1m[36mInstructor Load (0.1ms)[0m  [1m[34mSELECT "instructors".* FROM "instructors" WHERE "instructors"."id" = ? LIMIT ?[0m  [["id", 100], ["LIMIT", 1]]
  ↳ app/controllers/instructors_controller.rb:10:in `show'
Completed 404 Not Found in 2ms (ActiveRecord: 0.1ms | Allocations: 492)


  
ActiveRecord::RecordNotFound (Couldn't find Instructor with 'id'=100):
  
app/controllers/instructors_controller.rb:10:in `show'
  [1m[35m (9.4ms)[0m  [1m[34mSELECT sqlite_version(*)[0m
Started POST "/instructors?name=Nicole" for ::1 at 2022-03-16 15:29:00 -0400
  [1m[35m (1.1ms)[0m  [1m[34mSELECT sqlite_version(*)[0m
  [1m[35m (0.5ms)[0m  [1m[34mSELECT "schema_migrations"."version" FROM "schema_migrations" ORDER BY "schema_migrations"."version" ASC[0m
Processing by InstructorsController#create as */*
  Parameters: {"name"=>"Nicole"}
Completed 500 Internal Server Error in 218135ms (ActiveRecord: 1.2ms | Allocations: 136590)


  
SystemExit (exit):
  
(byebug):1:in `exit'
(byebug):1:in `instructor_params'
app/controllers/instructors_controller.rb:37:in `instructor_params'
app/controllers/instructors_controller.rb:16:in `create'
  [1m[35m (8.5ms)[0m  [1m[34mSELECT sqlite_version(*)[0m
  [1m[36mTRANSACTION (0.2ms)[0m  [1m[36mbegin transaction[0m
  [1m[36mInstructor Create (1.2ms)[0m  [1m[32mINSERT INTO "instructors" ("name", "created_at", "updated_at") VALUES (?, ?, ?)[0m  [["name", "John"], ["created_at", "2022-03-16 19:33:15.845991"], ["updated_at", "2022-03-16 19:33:15.845991"]]
  [1m[36mTRANSACTION (1.2ms)[0m  [1m[36mcommit transaction[0m
Started POST "/instructors" for ::1 at 2022-03-16 15:37:53 -0400
  [1m[35m (1.6ms)[0m  [1m[34mSELECT sqlite_version(*)[0m
  [1m[35m (0.3ms)[0m  [1m[34mSELECT "schema_migrations"."version" FROM "schema_migrations" ORDER BY "schema_migrations"."version" ASC[0m
Processing by InstructorsController#create as */*
Completed 200 OK in 52450ms (ActiveRecord: 0.8ms | Allocations: 47716)


Started POST "/instructors" for ::1 at 2022-03-16 15:39:03 -0400
Processing by InstructorsController#create as */*
  [1m[35m (0.1ms)[0m  [1m[34mSELECT sqlite_version(*)[0m
  ↳ app/controllers/instructors_controller.rb:17:in `create'
Completed 500 Internal Server Error in 201911ms (ActiveRecord: 1.8ms | Allocations: 19856)


  
SystemExit (exit):
  
(byebug):1:in `exit'
(byebug):1:in `handle_invalid_record'
app/controllers/instructors_controller.rb:36:in `handle_invalid_record'
  [1m[35m (5.4ms)[0m  [1m[34mSELECT sqlite_version(*)[0m
  [1m[36mInstructor Load (0.5ms)[0m  [1m[34mSELECT "instructors".* FROM "instructors" WHERE "instructors"."id" = ? LIMIT ?[0m  [["id", 100], ["LIMIT", 1]]
  [1m[36mInstructor Load (0.2ms)[0m  [1m[34mSELECT "instructors".* FROM "instructors" WHERE "instructors"."id" = ? LIMIT ?[0m  [["id", 100], ["LIMIT", 1]]
  [1m[35m (5.1ms)[0m  [1m[34mSELECT sqlite_version(*)[0m
  [1m[36mInstructor Load (0.4ms)[0m  [1m[34mSELECT "instructors".* FROM "instructors" WHERE "instructors"."id" = ? LIMIT ?[0m  [["id", 100], ["LIMIT", 1]]
Started POST "/instructors" for ::1 at 2022-03-16 16:06:09 -0400
  [1m[35m (2.4ms)[0m  [1m[34mSELECT sqlite_version(*)[0m
  [1m[35m (0.1ms)[0m  [1m[34mSELECT "schema_migrations"."version" FROM "schema_migrations" ORDER BY "schema_migrations"."version" ASC[0m
Processing by InstructorsController#create as */*
  Parameters: {"user"=>{"name"=>"Greg", "age"=>"33"}}
[31mUnpermitted parameter: :user[0m
Completed 422 Unprocessable Entity in 2094930ms (Views: 1.5ms | ActiveRecord: 3.6ms | Allocations: 51863)


